2020-02-12 02:25:29 Warning: Warning (2): mysqli_connect() [<a href='http://php.net/function.mysqli-connect'>function.mysqli-connect</a>]: (HY000/1045): Access denied for user 'bizbox_database'@'fixed-189-203-248-245.totalplay.net' (using password: YES) in [/var/www/html/cake/libs/model/datasources/dbo/dbo_mysqli.php, line 63]
2020-02-12 02:25:29 Warning: Warning (2): mysqli_query() expects parameter 1 to be mysqli, boolean given in [/var/www/html/cake/libs/model/datasources/dbo/dbo_mysqli.php, line 111]
2020-02-12 02:25:45 Warning: Warning (2): mysqli_connect(): (HY000/1045): Access denied for user 'bizbox_database'@'fixed-189-203-248-245.totalplay.net' (using password: YES) in [/var/www/html/cake/libs/model/datasources/dbo/dbo_mysqli.php, line 63]
2020-02-12 02:25:46 Warning: Warning (2): mysqli_query() expects parameter 1 to be mysqli, boolean given in [/var/www/html/cake/libs/model/datasources/dbo/dbo_mysqli.php, line 111]
2020-02-12 02:25:50 Warning: Warning (2): mysqli_connect(): (HY000/1045): Access denied for user 'bizbox_database'@'fixed-189-203-248-245.totalplay.net' (using password: YES) in [/var/www/html/cake/libs/model/datasources/dbo/dbo_mysqli.php, line 63]
2020-02-12 02:25:50 Warning: Warning (2): mysqli_query() expects parameter 1 to be mysqli, boolean given in [/var/www/html/cake/libs/model/datasources/dbo/dbo_mysqli.php, line 111]
2020-02-12 02:26:14 Warning: Warning (2): mysqli_connect(): (HY000/1045): Access denied for user 'bizbox_database'@'fixed-189-203-248-245.totalplay.net' (using password: YES) in [/var/www/html/cake/libs/model/datasources/dbo/dbo_mysqli.php, line 63]
2020-02-12 02:26:14 Warning: Warning (2): mysqli_query() expects parameter 1 to be mysqli, boolean given in [/var/www/html/cake/libs/model/datasources/dbo/dbo_mysqli.php, line 111]
2020-02-12 02:26:58 Warning: Warning (2): mysqli_connect(): (HY000/1045): Access denied for user 'bizbox_database'@'fixed-189-203-248-245.totalplay.net' (using password: YES) in [/var/www/html/cake/libs/model/datasources/dbo/dbo_mysqli.php, line 63]
2020-02-12 02:26:58 Warning: Warning (2): mysqli_query() expects parameter 1 to be mysqli, boolean given in [/var/www/html/cake/libs/model/datasources/dbo/dbo_mysqli.php, line 111]
2020-02-12 02:27:49 Warning: Warning (2): mysqli_connect(): (HY000/1045): Access denied for user 'bizbox_database'@'fixed-189-203-248-245.totalplay.net' (using password: YES) in [/var/www/html/cake/libs/model/datasources/dbo/dbo_mysqli.php, line 63]
2020-02-12 02:27:49 Warning: Warning (2): mysqli_query() expects parameter 1 to be mysqli, boolean given in [/var/www/html/cake/libs/model/datasources/dbo/dbo_mysqli.php, line 111]
2020-02-12 02:27:57 Warning: Warning (2): mysqli_connect(): (HY000/1045): Access denied for user 'bizbox_database'@'fixed-189-203-248-245.totalplay.net' (using password: YES) in [/var/www/html/cake/libs/model/datasources/dbo/dbo_mysqli.php, line 63]
2020-02-12 02:27:57 Warning: Warning (2): mysqli_query() expects parameter 1 to be mysqli, boolean given in [/var/www/html/cake/libs/model/datasources/dbo/dbo_mysqli.php, line 111]
2020-02-12 02:28:03 Warning: Warning (2): mysqli_connect(): (HY000/1045): Access denied for user 'bizbox_database'@'fixed-189-203-248-245.totalplay.net' (using password: YES) in [/var/www/html/cake/libs/model/datasources/dbo/dbo_mysqli.php, line 63]
2020-02-12 02:28:03 Warning: Warning (2): mysqli_query() expects parameter 1 to be mysqli, boolean given in [/var/www/html/cake/libs/model/datasources/dbo/dbo_mysqli.php, line 111]
2020-02-12 02:28:49 Warning: Warning (2): mysqli_connect(): (HY000/1045): Access denied for user 'bizbox_database'@'fixed-189-203-248-245.totalplay.net' (using password: YES) in [/var/www/html/cake/libs/model/datasources/dbo/dbo_mysqli.php, line 63]
2020-02-12 02:28:49 Warning: Warning (2): mysqli_query() expects parameter 1 to be mysqli, boolean given in [/var/www/html/cake/libs/model/datasources/dbo/dbo_mysqli.php, line 111]
2020-02-12 02:30:43 Warning: Warning (2): mysqli_connect() [<a href='http://php.net/function.mysqli-connect'>function.mysqli-connect</a>]: (HY000/1045): Access denied for user 'bizbox_database'@'fixed-189-203-248-245.totalplay.net' (using password: YES) in [/var/www/html/cake/libs/model/datasources/dbo/dbo_mysqli.php, line 63]
2020-02-12 02:30:43 Warning: Warning (2): mysqli_query() expects parameter 1 to be mysqli, boolean given in [/var/www/html/cake/libs/model/datasources/dbo/dbo_mysqli.php, line 111]
2020-02-13 20:12:04 Warning: Warning (2): mysqli_connect(): (HY000/1130): Host '187-163-1-14.static.axtel.net' is not allowed to connect to this MySQL server in [/var/www/html/cake/libs/model/datasources/dbo/dbo_mysqli.php, line 63]
2020-02-13 20:12:04 Warning: Warning (2): mysqli_query() expects parameter 1 to be mysqli, boolean given in [/var/www/html/cake/libs/model/datasources/dbo/dbo_mysqli.php, line 111]
2020-02-13 20:12:04 Warning: Warning (2): mysqli_errno() expects parameter 1 to be mysqli, boolean given in [/var/www/html/cake/libs/model/datasources/dbo/dbo_mysqli.php, line 213]
2020-02-13 22:31:30 Warning: Warning (2): Cannot modify header information - headers already sent by (output started at /var/www/html/app/controllers/api_controller.php:62) in [/var/www/html/app/controllers/api_controller.php, line 20]
2020-02-13 22:31:30 Warning: Warning (2): Cannot modify header information - headers already sent by (output started at /var/www/html/app/controllers/api_controller.php:62) in [/var/www/html/app/controllers/api_controller.php, line 21]
2020-02-13 22:31:30 Warning: Warning (2): Cannot modify header information - headers already sent by (output started at /var/www/html/app/controllers/api_controller.php:62) in [/var/www/html/app/controllers/api_controller.php, line 22]
2020-02-13 22:37:08 Warning: Warning (2): Cannot modify header information - headers already sent by (output started at /var/www/html/app/controllers/api_controller.php:62) in [/var/www/html/app/controllers/api_controller.php, line 20]
2020-02-13 22:37:08 Warning: Warning (2): Cannot modify header information - headers already sent by (output started at /var/www/html/app/controllers/api_controller.php:62) in [/var/www/html/app/controllers/api_controller.php, line 21]
2020-02-13 22:37:08 Warning: Warning (2): Cannot modify header information - headers already sent by (output started at /var/www/html/app/controllers/api_controller.php:62) in [/var/www/html/app/controllers/api_controller.php, line 22]
2020-02-13 22:37:57 Warning: Warning (2): Cannot modify header information - headers already sent by (output started at /var/www/html/app/controllers/api_controller.php:62) in [/var/www/html/app/controllers/api_controller.php, line 20]
2020-02-13 22:37:57 Warning: Warning (2): Cannot modify header information - headers already sent by (output started at /var/www/html/app/controllers/api_controller.php:62) in [/var/www/html/app/controllers/api_controller.php, line 21]
2020-02-13 22:37:57 Warning: Warning (2): Cannot modify header information - headers already sent by (output started at /var/www/html/app/controllers/api_controller.php:62) in [/var/www/html/app/controllers/api_controller.php, line 22]
